build/app/intermediates/manifest_merge_blame_file/debug/manifest-merger-blame-debug-report.txt
1<?xml version="1.0" encoding="utf-8"?>
2<manifest xmlns:android="http://schemas.android.com/apk/res/android"
3    package="com.huynh.listar_flutter_pro"
4    android:versionCode="69"
5    android:versionName="1.2.2" >
6
7    <uses-sdk
8        android:minSdkVersion="20"
9        android:targetSdkVersion="33" />
10
11    <uses-permission android:name="android.permission.INTERNET" />
11-->src\main\AndroidManifest.xml:3:5-67
11-->src\main\AndroidManifest.xml:3:22-64
12    <uses-permission android:name="android.permission.SYSTEM_ALERT_WINDOW" />
12-->src\main\AndroidManifest.xml:4:5-77
12-->src\main\AndroidManifest.xml:4:22-75
13    <uses-permission android:name="android.permission.ACCESS_FINE_LOCATION" />
13-->src\main\AndroidManifest.xml:5:5-79
13-->src\main\AndroidManifest.xml:5:22-76
14    <uses-permission android:name="android.permission.ACCESS_COARSE_LOCATION" />
14-->src\main\AndroidManifest.xml:6:5-81
14-->src\main\AndroidManifest.xml:6:22-78
15    <uses-permission android:name="android.permission.CALL_PHONE" />
15-->src\main\AndroidManifest.xml:7:5-69
15-->src\main\AndroidManifest.xml:7:22-66
16    <uses-permission android:name="android.permission.WAKE_LOCK" />
16-->[:firebase_messaging] AndroidManifest.xml:8:5-68
16-->[:firebase_messaging] AndroidManifest.xml:8:22-65
17    <uses-permission android:name="android.permission.ACCESS_NETWORK_STATE" /> <!-- Permissions options for the `notification` group -->
17-->[:firebase_messaging] AndroidManifest.xml:9:5-79
17-->[:firebase_messaging] AndroidManifest.xml:9:22-76
18    <uses-permission android:name="android.permission.POST_NOTIFICATIONS" />
18-->[:firebase_messaging] AndroidManifest.xml:11:5-77
18-->[:firebase_messaging] AndroidManifest.xml:11:22-74
19    <uses-permission
19-->[:open_filex] AndroidManifest.xml:8:5-10:38
20        android:name="android.permission.READ_EXTERNAL_STORAGE"
20-->[:open_filex] AndroidManifest.xml:9:9-64
21        android:maxSdkVersion="32" />
21-->[:open_filex] AndroidManifest.xml:10:9-35
22    <uses-permission android:name="android.permission.READ_MEDIA_IMAGES" />
22-->[:open_filex] AndroidManifest.xml:11:5-76
22-->[:open_filex] AndroidManifest.xml:11:22-73
23    <uses-permission android:name="android.permission.READ_MEDIA_VIDEO" />
23-->[:open_filex] AndroidManifest.xml:12:5-75
23-->[:open_filex] AndroidManifest.xml:12:22-72
24    <uses-permission android:name="android.permission.READ_MEDIA_AUDIO" /> <!-- Required by older versions of Google Play services to create IID tokens -->
24-->[:open_filex] AndroidManifest.xml:13:5-75
24-->[:open_filex] AndroidManifest.xml:13:22-72
25    <uses-permission android:name="com.google.android.c2dm.permission.RECEIVE" />
25-->[com.google.firebase:firebase-iid:21.1.0] AndroidManifest.xml:26:5-82
25-->[com.google.firebase:firebase-iid:21.1.0] AndroidManifest.xml:26:22-79
26
27    <uses-feature
27-->[com.google.android.gms:play-services-maps:18.1.0] AndroidManifest.xml:26:5-28:35
28        android:glEsVersion="0x00020000"
28-->[com.google.android.gms:play-services-maps:18.1.0] AndroidManifest.xml:27:9-41
29        android:required="true" />
29-->[com.google.android.gms:play-services-maps:18.1.0] AndroidManifest.xml:28:9-32
30
31    <queries>
31-->[com.google.android.gms:play-services-maps:18.1.0] AndroidManifest.xml:30:5-34:15
32
33        <!-- Needs to be explicitly declared on Android R+ -->
34        <package android:name="com.google.android.apps.maps" />
34-->[com.google.android.gms:play-services-maps:18.1.0] AndroidManifest.xml:33:9-64
34-->[com.google.android.gms:play-services-maps:18.1.0] AndroidManifest.xml:33:18-61
35        <!-- For browser content -->
36        <intent>
36-->[com.google.android.gms:play-services-ads-lite:21.3.0] AndroidManifest.xml:31:9-37:18
37            <action android:name="android.intent.action.VIEW" />
37-->[com.google.android.gms:play-services-ads-lite:21.3.0] AndroidManifest.xml:32:13-65
37-->[com.google.android.gms:play-services-ads-lite:21.3.0] AndroidManifest.xml:32:21-62
38
39            <category android:name="android.intent.category.BROWSABLE" />
39-->[com.google.android.gms:play-services-ads-lite:21.3.0] AndroidManifest.xml:34:13-74
39-->[com.google.android.gms:play-services-ads-lite:21.3.0] AndroidManifest.xml:34:23-71
40
41            <data android:scheme="https" />
41-->[com.google.android.gms:play-services-ads-lite:21.3.0] AndroidManifest.xml:36:13-44
41-->[com.google.android.gms:play-services-ads-lite:21.3.0] AndroidManifest.xml:36:19-41
42        </intent> <!-- End of browser content -->
43        <!-- For CustomTabsService -->
44        <intent>
44-->[com.google.android.gms:play-services-ads-lite:21.3.0] AndroidManifest.xml:40:9-42:18
45            <action android:name="android.support.customtabs.action.CustomTabsService" />
45-->[com.google.android.gms:play-services-ads-lite:21.3.0] AndroidManifest.xml:41:13-90
45-->[com.google.android.gms:play-services-ads-lite:21.3.0] AndroidManifest.xml:41:21-87
46        </intent>
47    </queries>
48
49    <uses-permission android:name="com.google.android.gms.permission.AD_ID" />
49-->[com.google.android.gms:play-services-ads-lite:21.3.0] AndroidManifest.xml:25:5-79
49-->[com.google.android.gms:play-services-ads-lite:21.3.0] AndroidManifest.xml:25:22-76
50    <uses-permission android:name="android.permission.RECEIVE_BOOT_COMPLETED" />
50-->[androidx.work:work-runtime:2.7.0] AndroidManifest.xml:27:5-81
50-->[androidx.work:work-runtime:2.7.0] AndroidManifest.xml:27:22-78
51    <uses-permission android:name="android.permission.FOREGROUND_SERVICE" />
51-->[androidx.work:work-runtime:2.7.0] AndroidManifest.xml:28:5-77
51-->[androidx.work:work-runtime:2.7.0] AndroidManifest.xml:28:22-74
52    <uses-permission android:name="android.permission.CAMERA" /> <!-- Don't require camera, as this requires a rear camera. This allows it to work on the Nexus 7 -->
52-->[com.journeyapps:zxing-android-embedded:4.3.0] AndroidManifest.xml:22:5-65
52-->[com.journeyapps:zxing-android-embedded:4.3.0] AndroidManifest.xml:22:22-62
53    <uses-feature
53-->[com.journeyapps:zxing-android-embedded:4.3.0] AndroidManifest.xml:25:5-27:36
54        android:name="android.hardware.camera"
54-->[com.journeyapps:zxing-android-embedded:4.3.0] AndroidManifest.xml:26:9-47
55        android:required="false" />
55-->[com.journeyapps:zxing-android-embedded:4.3.0] AndroidManifest.xml:27:9-33
56    <uses-feature
56-->[com.journeyapps:zxing-android-embedded:4.3.0] AndroidManifest.xml:28:5-30:36
57        android:name="android.hardware.camera.front"
57-->[com.journeyapps:zxing-android-embedded:4.3.0] AndroidManifest.xml:29:9-53
58        android:required="false" /> <!-- TODO replace above two with next line after Android 4.2 -->
58-->[com.journeyapps:zxing-android-embedded:4.3.0] AndroidManifest.xml:30:9-33
59    <!-- <uses-feature android:name="android.hardware.camera.any"/> -->
60    <uses-feature
60-->[com.journeyapps:zxing-android-embedded:4.3.0] AndroidManifest.xml:33:5-35:36
61        android:name="android.hardware.camera.autofocus"
61-->[com.journeyapps:zxing-android-embedded:4.3.0] AndroidManifest.xml:34:9-57
62        android:required="false" />
62-->[com.journeyapps:zxing-android-embedded:4.3.0] AndroidManifest.xml:35:9-33
63    <uses-feature
63-->[com.journeyapps:zxing-android-embedded:4.3.0] AndroidManifest.xml:36:5-38:36
64        android:name="android.hardware.camera.flash"
64-->[com.journeyapps:zxing-android-embedded:4.3.0] AndroidManifest.xml:37:9-53
65        android:required="false" />
65-->[com.journeyapps:zxing-android-embedded:4.3.0] AndroidManifest.xml:38:9-33
66    <uses-feature
66-->[com.journeyapps:zxing-android-embedded:4.3.0] AndroidManifest.xml:39:5-41:36
67        android:name="android.hardware.screen.landscape"
67-->[com.journeyapps:zxing-android-embedded:4.3.0] AndroidManifest.xml:40:9-57
68        android:required="false" />
68-->[com.journeyapps:zxing-android-embedded:4.3.0] AndroidManifest.xml:41:9-33
69    <uses-feature
69-->[com.journeyapps:zxing-android-embedded:4.3.0] AndroidManifest.xml:42:5-44:36
70        android:name="android.hardware.wifi"
70-->[com.journeyapps:zxing-android-embedded:4.3.0] AndroidManifest.xml:43:9-45
71        android:required="false" />
71-->[com.journeyapps:zxing-android-embedded:4.3.0] AndroidManifest.xml:44:9-33
72
73    <application
74        android:name="android.app.Application"
75        android:appComponentFactory="androidx.core.app.CoreComponentFactory"
75-->[androidx.core:core:1.8.0] AndroidManifest.xml:24:18-86
76        android:debuggable="true"
77        android:icon="@mipmap/ic_launcher"
78        android:label="Listar FluxPro"
79        android:usesCleartextTraffic="true" >
80        <meta-data
81            android:name="com.google.android.geo.API_KEY"
82            android:value="AIzaSyDg1evvc68xACuU2RsbBiV5uoF0vwVNM8Y" />
83
84        <activity
85            android:name="com.huynh.listar_flutter_pro.MainActivity"
86            android:configChanges="orientation|keyboardHidden|keyboard|screenSize|smallestScreenSize|locale|layoutDirection|fontScale|screenLayout|density|uiMode"
87            android:exported="true"
88            android:hardwareAccelerated="true"
89            android:launchMode="singleTop"
90            android:theme="@style/LaunchTheme"
91            android:windowSoftInputMode="adjustResize" >
92            <intent-filter>
93                <action android:name="android.intent.action.MAIN" />
94
95                <category android:name="android.intent.category.LAUNCHER" />
96            </intent-filter>
97            <intent-filter>
98                <action android:name="FLUTTER_NOTIFICATION_CLICK" />
99
100                <category android:name="android.intent.category.DEFAULT" />
101            </intent-filter>
102
103            <meta-data
104                android:name="flutter_deeplinking_enabled"
105                android:value="true" />
106
107            <intent-filter android:autoVerify="true" >
108                <action android:name="android.intent.action.VIEW" />
108-->[com.google.android.gms:play-services-ads-lite:21.3.0] AndroidManifest.xml:32:13-65
108-->[com.google.android.gms:play-services-ads-lite:21.3.0] AndroidManifest.xml:32:21-62
109
110                <category android:name="android.intent.category.DEFAULT" />
111                <category android:name="android.intent.category.BROWSABLE" />
111-->[com.google.android.gms:play-services-ads-lite:21.3.0] AndroidManifest.xml:34:13-74
111-->[com.google.android.gms:play-services-ads-lite:21.3.0] AndroidManifest.xml:34:23-71
112
113                <data android:scheme="listar" />
113-->[com.google.android.gms:play-services-ads-lite:21.3.0] AndroidManifest.xml:36:13-44
113-->[com.google.android.gms:play-services-ads-lite:21.3.0] AndroidManifest.xml:36:19-41
114                <data android:scheme="https" />
114-->[com.google.android.gms:play-services-ads-lite:21.3.0] AndroidManifest.xml:36:13-44
114-->[com.google.android.gms:play-services-ads-lite:21.3.0] AndroidManifest.xml:36:19-41
115            </intent-filter>
116        </activity>
117
118        <meta-data
119            android:name="flutterEmbedding"
120            android:value="2" />
121        <meta-data
122            android:name="com.google.android.gms.ads.APPLICATION_ID"
123            android:value="ca-app-pub-8318136058462894~6986590261" />
124
125        <service
125-->[:firebase_messaging] AndroidManifest.xml:14:9-17:72
126            android:name="io.flutter.plugins.firebase.messaging.FlutterFirebaseMessagingBackgroundService"
126-->[:firebase_messaging] AndroidManifest.xml:15:13-107
127            android:exported="false"
127-->[:firebase_messaging] AndroidManifest.xml:16:13-37
128            android:permission="android.permission.BIND_JOB_SERVICE" />
128-->[:firebase_messaging] AndroidManifest.xml:17:13-69
129        <service
129-->[:firebase_messaging] AndroidManifest.xml:18:9-24:19
130            android:name="io.flutter.plugins.firebase.messaging.FlutterFirebaseMessagingService"
130-->[:firebase_messaging] AndroidManifest.xml:19:13-97
131            android:exported="false" >
131-->[:firebase_messaging] AndroidManifest.xml:20:13-37
132            <intent-filter>
132-->[:firebase_messaging] AndroidManifest.xml:21:13-23:29
133                <action android:name="com.google.firebase.MESSAGING_EVENT" />
133-->[:firebase_messaging] AndroidManifest.xml:22:17-78
133-->[:firebase_messaging] AndroidManifest.xml:22:25-75
134            </intent-filter>
135        </service>
136
137        <receiver
137-->[:firebase_messaging] AndroidManifest.xml:26:9-33:20
138            android:name="io.flutter.plugins.firebase.messaging.FlutterFirebaseMessagingReceiver"
138-->[:firebase_messaging] AndroidManifest.xml:27:13-98
139            android:exported="true"
139-->[:firebase_messaging] AndroidManifest.xml:28:13-36
140            android:permission="com.google.android.c2dm.permission.SEND" >
140-->[:firebase_messaging] AndroidManifest.xml:29:13-73
141            <intent-filter>
141-->[:firebase_messaging] AndroidManifest.xml:30:13-32:29
142                <action android:name="com.google.android.c2dm.intent.RECEIVE" />
142-->[:firebase_messaging] AndroidManifest.xml:31:17-81
142-->[:firebase_messaging] AndroidManifest.xml:31:25-78
143            </intent-filter>
144        </receiver>
145
146        <service
146-->[:firebase_messaging] AndroidManifest.xml:35:9-39:19
147            android:name="com.google.firebase.components.ComponentDiscoveryService"
147-->[:firebase_messaging] AndroidManifest.xml:35:18-89
148            android:directBootAware="true"
148-->[com.google.firebase:firebase-common:20.2.0] AndroidManifest.xml:34:13-43
149            android:exported="false" >
149-->[com.google.firebase:firebase-iid:21.1.0] AndroidManifest.xml:31:13-37
150            <meta-data
150-->[:firebase_messaging] AndroidManifest.xml:36:13-38:85
151                android:name="com.google.firebase.components:io.flutter.plugins.firebase.messaging.FlutterFirebaseAppRegistrar"
151-->[:firebase_messaging] AndroidManifest.xml:37:17-128
152                android:value="com.google.firebase.components.ComponentRegistrar" />
152-->[:firebase_messaging] AndroidManifest.xml:38:17-82
153            <meta-data
153-->[:firebase_core] AndroidManifest.xml:9:13-11:85
154                android:name="com.google.firebase.components:io.flutter.plugins.firebase.core.FlutterFirebaseCoreRegistrar"
154-->[:firebase_core] AndroidManifest.xml:10:17-124
155                android:value="com.google.firebase.components.ComponentRegistrar" />
155-->[:firebase_core] AndroidManifest.xml:11:17-82
156            <meta-data
156-->[com.google.firebase:firebase-iid:21.1.0] AndroidManifest.xml:32:13-34:85
157                android:name="com.google.firebase.components:com.google.firebase.iid.Registrar"
157-->[com.google.firebase:firebase-iid:21.1.0] AndroidManifest.xml:33:17-96
158                android:value="com.google.firebase.components.ComponentRegistrar" />
158-->[com.google.firebase:firebase-iid:21.1.0] AndroidManifest.xml:34:17-82
159            <meta-data
159-->[com.google.firebase:firebase-messaging:23.1.0] AndroidManifest.xml:55:13-57:85
160                android:name="com.google.firebase.components:com.google.firebase.messaging.FirebaseMessagingRegistrar"
160-->[com.google.firebase:firebase-messaging:23.1.0] AndroidManifest.xml:56:17-119
161                android:value="com.google.firebase.components.ComponentRegistrar" />
161-->[com.google.firebase:firebase-messaging:23.1.0] AndroidManifest.xml:57:17-82
162            <meta-data
162-->[com.google.firebase:firebase-installations:17.1.0] AndroidManifest.xml:17:13-19:85
163                android:name="com.google.firebase.components:com.google.firebase.installations.FirebaseInstallationsRegistrar"
163-->[com.google.firebase:firebase-installations:17.1.0] AndroidManifest.xml:18:17-127
164                android:value="com.google.firebase.components.ComponentRegistrar" />
164-->[com.google.firebase:firebase-installations:17.1.0] AndroidManifest.xml:19:17-82
165            <meta-data
165-->[com.google.firebase:firebase-datatransport:18.1.7] AndroidManifest.xml:27:13-29:85
166                android:name="com.google.firebase.components:com.google.firebase.datatransport.TransportRegistrar"
166-->[com.google.firebase:firebase-datatransport:18.1.7] AndroidManifest.xml:28:17-115
167                android:value="com.google.firebase.components.ComponentRegistrar" />
167-->[com.google.firebase:firebase-datatransport:18.1.7] AndroidManifest.xml:29:17-82
168        </service>
169
170        <provider
170-->[:firebase_messaging] AndroidManifest.xml:41:9-45:38
171            android:name="io.flutter.plugins.firebase.messaging.FlutterFirebaseMessagingInitProvider"
171-->[:firebase_messaging] AndroidManifest.xml:42:13-102
172            android:authorities="com.huynh.listar_flutter_pro.flutterfirebasemessaginginitprovider"
172-->[:firebase_messaging] AndroidManifest.xml:43:13-88
173            android:exported="false"
173-->[:firebase_messaging] AndroidManifest.xml:44:13-37
174            android:initOrder="99" />
174-->[:firebase_messaging] AndroidManifest.xml:45:13-35
175        <provider
175-->[:image_picker_android] AndroidManifest.xml:8:9-16:20
176            android:name="io.flutter.plugins.imagepicker.ImagePickerFileProvider"
176-->[:image_picker_android] AndroidManifest.xml:9:13-82
177            android:authorities="com.huynh.listar_flutter_pro.flutter.image_provider"
177-->[:image_picker_android] AndroidManifest.xml:10:13-74
178            android:exported="false"
178-->[:image_picker_android] AndroidManifest.xml:11:13-37
179            android:grantUriPermissions="true" >
179-->[:image_picker_android] AndroidManifest.xml:12:13-47
180            <meta-data
180-->[:image_picker_android] AndroidManifest.xml:13:13-15:75
181                android:name="android.support.FILE_PROVIDER_PATHS"
181-->[:image_picker_android] AndroidManifest.xml:14:17-67
182                android:resource="@xml/flutter_image_picker_file_paths" />
182-->[:image_picker_android] AndroidManifest.xml:15:17-72
183        </provider>
184
185        <activity
185-->[:url_launcher_android] AndroidManifest.xml:8:9-11:74
186            android:name="io.flutter.plugins.urllauncher.WebViewActivity"
186-->[:url_launcher_android] AndroidManifest.xml:9:13-74
187            android:exported="false"
187-->[:url_launcher_android] AndroidManifest.xml:10:13-37
188            android:theme="@android:style/Theme.NoTitleBar.Fullscreen" />
188-->[:url_launcher_android] AndroidManifest.xml:11:13-71
189
190        <provider
190-->[:open_filex] AndroidManifest.xml:16:9-25:20
191            android:name="com.crazecoder.openfile.FileProvider"
191-->[:open_filex] AndroidManifest.xml:17:13-64
192            android:authorities="com.huynh.listar_flutter_pro.fileProvider.com.crazecoder.openfile"
192-->[:open_filex] AndroidManifest.xml:18:13-88
193            android:exported="false"
193-->[:open_filex] AndroidManifest.xml:19:13-37
194            android:grantUriPermissions="true" >
194-->[:open_filex] AndroidManifest.xml:20:13-47
195            <meta-data
195-->[:image_picker_android] AndroidManifest.xml:13:13-15:75
196                android:name="android.support.FILE_PROVIDER_PATHS"
196-->[:image_picker_android] AndroidManifest.xml:14:17-67
197                android:resource="@xml/filepaths" />
197-->[:image_picker_android] AndroidManifest.xml:15:17-72
198        </provider>
199
200        <meta-data
200-->[:google_mobile_ads] AndroidManifest.xml:10:9-12:36
201            android:name="io.flutter.embedded_views_preview"
201-->[:google_mobile_ads] AndroidManifest.xml:11:13-61
202            android:value="true" />
202-->[:google_mobile_ads] AndroidManifest.xml:12:13-33
203
204        <provider
204-->[:share] AndroidManifest.xml:8:9-16:20
205            android:name="io.flutter.plugins.share.ShareFileProvider"
205-->[:share] AndroidManifest.xml:9:13-70
206            android:authorities="com.huynh.listar_flutter_pro.flutter.share_provider"
206-->[:share] AndroidManifest.xml:10:13-74
207            android:exported="false"
207-->[:share] AndroidManifest.xml:11:13-37
208            android:grantUriPermissions="true" >
208-->[:share] AndroidManifest.xml:12:13-47
209            <meta-data
209-->[:image_picker_android] AndroidManifest.xml:13:13-15:75
210                android:name="android.support.FILE_PROVIDER_PATHS"
210-->[:image_picker_android] AndroidManifest.xml:14:17-67
211                android:resource="@xml/flutter_share_file_paths" />
211-->[:image_picker_android] AndroidManifest.xml:15:17-72
212        </provider>
213
214        <service
214-->[:location] AndroidManifest.xml:11:9-15:56
215            android:name="com.lyokone.location.FlutterLocationService"
215-->[:location] AndroidManifest.xml:12:13-71
216            android:enabled="true"
216-->[:location] AndroidManifest.xml:13:13-35
217            android:exported="false"
217-->[:location] AndroidManifest.xml:14:13-37
218            android:foregroundServiceType="location" />
218-->[:location] AndroidManifest.xml:15:13-53
219
220        <uses-library
220-->[androidx.window:window:1.0.0-beta04] AndroidManifest.xml:25:9-27:40
221            android:name="androidx.window.extensions"
221-->[androidx.window:window:1.0.0-beta04] AndroidManifest.xml:26:13-54
222            android:required="false" />
222-->[androidx.window:window:1.0.0-beta04] AndroidManifest.xml:27:13-37
223        <uses-library
223-->[androidx.window:window:1.0.0-beta04] AndroidManifest.xml:28:9-30:40
224            android:name="androidx.window.sidecar"
224-->[androidx.window:window:1.0.0-beta04] AndroidManifest.xml:29:13-51
225            android:required="false" />
225-->[androidx.window:window:1.0.0-beta04] AndroidManifest.xml:30:13-37
226
227        <receiver
227-->[com.google.firebase:firebase-messaging:23.1.0] AndroidManifest.xml:31:9-38:20
228            android:name="com.google.firebase.iid.FirebaseInstanceIdReceiver"
228-->[com.google.firebase:firebase-messaging:23.1.0] AndroidManifest.xml:32:13-78
229            android:exported="true"
229-->[com.google.firebase:firebase-messaging:23.1.0] AndroidManifest.xml:33:13-36
230            android:permission="com.google.android.c2dm.permission.SEND" >
230-->[com.google.firebase:firebase-messaging:23.1.0] AndroidManifest.xml:34:13-73
231            <intent-filter>
231-->[:firebase_messaging] AndroidManifest.xml:30:13-32:29
232                <action android:name="com.google.android.c2dm.intent.RECEIVE" />
232-->[:firebase_messaging] AndroidManifest.xml:31:17-81
232-->[:firebase_messaging] AndroidManifest.xml:31:25-78
233            </intent-filter>
234        </receiver>
235        <!--
236             FirebaseMessagingService performs security checks at runtime,
237             but set to not exported to explicitly avoid allowing another app to call it.
238        -->
239        <service
239-->[com.google.firebase:firebase-messaging:23.1.0] AndroidManifest.xml:44:9-51:19
240            android:name="com.google.firebase.messaging.FirebaseMessagingService"
240-->[com.google.firebase:firebase-messaging:23.1.0] AndroidManifest.xml:45:13-82
241            android:directBootAware="true"
241-->[com.google.firebase:firebase-messaging:23.1.0] AndroidManifest.xml:46:13-43
242            android:exported="false" >
242-->[com.google.firebase:firebase-messaging:23.1.0] AndroidManifest.xml:47:13-37
243            <intent-filter android:priority="-500" >
243-->[:firebase_messaging] AndroidManifest.xml:21:13-23:29
244                <action android:name="com.google.firebase.MESSAGING_EVENT" />
244-->[:firebase_messaging] AndroidManifest.xml:22:17-78
244-->[:firebase_messaging] AndroidManifest.xml:22:25-75
245            </intent-filter>
246        </service>
247
248        <provider
248-->[com.google.firebase:firebase-common:20.2.0] AndroidManifest.xml:25:9-30:39
249            android:name="com.google.firebase.provider.FirebaseInitProvider"
249-->[com.google.firebase:firebase-common:20.2.0] AndroidManifest.xml:26:13-77
250            android:authorities="com.huynh.listar_flutter_pro.firebaseinitprovider"
250-->[com.google.firebase:firebase-common:20.2.0] AndroidManifest.xml:27:13-72
251            android:directBootAware="true"
251-->[com.google.firebase:firebase-common:20.2.0] AndroidManifest.xml:28:13-43
252            android:exported="false"
252-->[com.google.firebase:firebase-common:20.2.0] AndroidManifest.xml:29:13-37
253            android:initOrder="100" /> <!-- Needs to be explicitly declared on P+ -->
253-->[com.google.firebase:firebase-common:20.2.0] AndroidManifest.xml:30:13-36
254        <uses-library
254-->[com.google.android.gms:play-services-maps:18.1.0] AndroidManifest.xml:39:9-41:40
255            android:name="org.apache.http.legacy"
255-->[com.google.android.gms:play-services-maps:18.1.0] AndroidManifest.xml:40:13-50
256            android:required="false" />
256-->[com.google.android.gms:play-services-maps:18.1.0] AndroidManifest.xml:41:13-37
257
258        <activity
258-->[com.google.android.gms:play-services-base:18.0.1] AndroidManifest.xml:20:9-22:45
259            android:name="com.google.android.gms.common.api.GoogleApiActivity"
259-->[com.google.android.gms:play-services-base:18.0.1] AndroidManifest.xml:20:19-85
260            android:exported="false"
260-->[com.google.android.gms:play-services-base:18.0.1] AndroidManifest.xml:22:19-43
261            android:theme="@android:style/Theme.Translucent.NoTitleBar" /> <!-- Include the AdActivity and InAppPurchaseActivity configChanges and themes. -->
261-->[com.google.android.gms:play-services-base:18.0.1] AndroidManifest.xml:21:19-78
262        <activity
262-->[com.google.android.gms:play-services-ads-lite:21.3.0] AndroidManifest.xml:49:9-53:64
263            android:name="com.google.android.gms.ads.AdActivity"
263-->[com.google.android.gms:play-services-ads-lite:21.3.0] AndroidManifest.xml:50:13-65
264            android:configChanges="keyboard|keyboardHidden|orientation|screenLayout|uiMode|screenSize|smallestScreenSize"
264-->[com.google.android.gms:play-services-ads-lite:21.3.0] AndroidManifest.xml:51:13-122
265            android:exported="false"
265-->[com.google.android.gms:play-services-ads-lite:21.3.0] AndroidManifest.xml:52:13-37
266            android:theme="@android:style/Theme.Translucent" />
266-->[com.google.android.gms:play-services-ads-lite:21.3.0] AndroidManifest.xml:53:13-61
267
268        <provider
268-->[com.google.android.gms:play-services-ads-lite:21.3.0] AndroidManifest.xml:55:9-59:39
269            android:name="com.google.android.gms.ads.MobileAdsInitProvider"
269-->[com.google.android.gms:play-services-ads-lite:21.3.0] AndroidManifest.xml:56:13-76
270            android:authorities="com.huynh.listar_flutter_pro.mobileadsinitprovider"
270-->[com.google.android.gms:play-services-ads-lite:21.3.0] AndroidManifest.xml:57:13-73
271            android:exported="false"
271-->[com.google.android.gms:play-services-ads-lite:21.3.0] AndroidManifest.xml:58:13-37
272            android:initOrder="100" />
272-->[com.google.android.gms:play-services-ads-lite:21.3.0] AndroidManifest.xml:59:13-36
273
274        <service
274-->[com.google.android.gms:play-services-ads-lite:21.3.0] AndroidManifest.xml:61:9-64:40
275            android:name="com.google.android.gms.ads.AdService"
275-->[com.google.android.gms:play-services-ads-lite:21.3.0] AndroidManifest.xml:62:13-64
276            android:enabled="true"
276-->[com.google.android.gms:play-services-ads-lite:21.3.0] AndroidManifest.xml:63:13-35
277            android:exported="false" />
277-->[com.google.android.gms:play-services-ads-lite:21.3.0] AndroidManifest.xml:64:13-37
278
279        <meta-data
279-->[com.google.android.gms:play-services-basement:18.1.0] AndroidManifest.xml:21:9-23:69
280            android:name="com.google.android.gms.version"
280-->[com.google.android.gms:play-services-basement:18.1.0] AndroidManifest.xml:22:13-58
281            android:value="@integer/google_play_services_version" />
281-->[com.google.android.gms:play-services-basement:18.1.0] AndroidManifest.xml:23:13-66
282
283        <provider
283-->[androidx.emoji2:emoji2:1.0.0] AndroidManifest.xml:26:9-34:20
284            android:name="androidx.startup.InitializationProvider"
284-->[androidx.emoji2:emoji2:1.0.0] AndroidManifest.xml:27:13-67
285            android:authorities="com.huynh.listar_flutter_pro.androidx-startup"
285-->[androidx.emoji2:emoji2:1.0.0] AndroidManifest.xml:28:13-68
286            android:exported="false" >
286-->[androidx.emoji2:emoji2:1.0.0] AndroidManifest.xml:29:13-37
287            <meta-data
287-->[androidx.emoji2:emoji2:1.0.0] AndroidManifest.xml:31:13-33:52
288                android:name="androidx.emoji2.text.EmojiCompatInitializer"
288-->[androidx.emoji2:emoji2:1.0.0] AndroidManifest.xml:32:17-75
289                android:value="androidx.startup" />
289-->[androidx.emoji2:emoji2:1.0.0] AndroidManifest.xml:33:17-49
290            <meta-data
290-->[androidx.work:work-runtime:2.7.0] AndroidManifest.xml:36:13-38:52
291                android:name="androidx.work.WorkManagerInitializer"
291-->[androidx.work:work-runtime:2.7.0] AndroidManifest.xml:37:17-68
292                android:value="androidx.startup" />
292-->[androidx.work:work-runtime:2.7.0] AndroidManifest.xml:38:17-49
293            <meta-data
293-->[androidx.lifecycle:lifecycle-process:2.4.0] AndroidManifest.xml:31:13-33:52
294                android:name="androidx.lifecycle.ProcessLifecycleInitializer"
294-->[androidx.lifecycle:lifecycle-process:2.4.0] AndroidManifest.xml:32:17-78
295                android:value="androidx.startup" />
295-->[androidx.lifecycle:lifecycle-process:2.4.0] AndroidManifest.xml:33:17-49
296        </provider>
297        <provider
297-->[io.sentry:sentry-android-core:6.8.0] AndroidManifest.xml:18:9-22:39
298            android:name="io.sentry.android.core.SentryPerformanceProvider"